<?xml version="1.0" encoding="UTF-8"?>
<testng-results skipped="0" failed="0" ignored="0" total="1" passed="1">
  <reporter-output>
  </reporter-output>
  <suite name="Default suite" duration-ms="8055" started-at="2022-01-20T04:44:43Z" finished-at="2022-01-20T04:44:51Z">
    <groups>
    </groups>
    <test name="Default test" duration-ms="8055" started-at="2022-01-20T04:44:43Z" finished-at="2022-01-20T04:44:51Z">
      <class name="testCases.TC1_Search">
        <test-method status="PASS" signature="setup()[pri:0, instance:testCases.TC1_Search@343f4d3d]" name="setup" is-config="true" duration-ms="2066" started-at="2022-01-20T04:44:43Z" finished-at="2022-01-20T04:44:45Z">
          <reporter-output>
          </reporter-output>
        </test-method> <!-- setup -->
        <test-method status="PASS" signature="SearchTest()[pri:0, instance:testCases.TC1_Search@343f4d3d]" name="SearchTest" duration-ms="5970" started-at="2022-01-20T04:44:45Z" finished-at="2022-01-20T04:44:51Z">
          <reporter-output>
          </reporter-output>
        </test-method> <!-- SearchTest -->
      </class> <!-- testCases.TC1_Search -->
    </test> <!-- Default test -->
  </suite> <!-- Default suite -->
</testng-results>
